The target system is: Linux - 1 - 
The host system is: Linux - 3.19.0-58-generic - x86_64
Compiling the C compiler identification source file "CMakeCCompilerId.c" succeeded.
Compiler: /opt/l3mv-linux/2.1/sysroots/x86_64-l3sdk-linux/usr/bin/arm-poky-linux-gnueabi/arm-poky-linux-gnueabi-gcc 
Build flags: -march=armv7-a;-mfloat-abi=hard;-mfpu=neon;-mtune=cortex-a9;--sysroot=/opt/l3mv-linux/2.1/sysroots/cortexa9hf-neon-poky-linux-gnueabi
Id flags: 

The output was:
0


Compilation of the C compiler identification source "CMakeCCompilerId.c" produced "a.out"

The C compiler identification is GNU, found in "/home/giacdinh/yocto/test/BW_apps/1_6_0/build/CMakeFiles/3.2.2/CompilerIdC/a.out"

Determining if the C compiler works passed with the following output:
Change Dir: /home/giacdinh/yocto/test/BW_apps/1_6_0/build/CMakeFiles/CMakeTmp

Run Build Command:"/usr/bin/make" "cmTryCompileExec2629641735/fast"
/usr/bin/make -f CMakeFiles/cmTryCompileExec2629641735.dir/build.make CMakeFiles/cmTryCompileExec2629641735.dir/build
make[1]: Entering directory `/home/giacdinh/yocto/test/BW_apps/1_6_0/build/CMakeFiles/CMakeTmp'
/usr/local/bin/cmake -E cmake_progress_report /home/giacdinh/yocto/test/BW_apps/1_6_0/build/CMakeFiles/CMakeTmp/CMakeFiles 1
Building C object CMakeFiles/cmTryCompileExec2629641735.dir/testCCompiler.c.o
/opt/l3mv-linux/2.1/sysroots/x86_64-l3sdk-linux/usr/bin/arm-poky-linux-gnueabi/arm-poky-linux-gnueabi-gcc  --sysroot=/opt/l3mv-linux/2.1/sysroots/cortexa9hf-neon-poky-linux-gnueabi  -march=armv7-a -mfloat-abi=hard -mfpu=neon -mtune=cortex-a9 --sysroot=/opt/l3mv-linux/2.1/sysroots/cortexa9hf-neon-poky-linux-gnueabi    -o CMakeFiles/cmTryCompileExec2629641735.dir/testCCompiler.c.o   -c /home/giacdinh/yocto/test/BW_apps/1_6_0/build/CMakeFiles/CMakeTmp/testCCompiler.c
Linking C executable cmTryCompileExec2629641735
/usr/local/bin/cmake -E cmake_link_script CMakeFiles/cmTryCompileExec2629641735.dir/link.txt --verbose=1
/opt/l3mv-linux/2.1/sysroots/x86_64-l3sdk-linux/usr/bin/arm-poky-linux-gnueabi/arm-poky-linux-gnueabi-gcc  --sysroot=/opt/l3mv-linux/2.1/sysroots/cortexa9hf-neon-poky-linux-gnueabi -march=armv7-a -mfloat-abi=hard -mfpu=neon -mtune=cortex-a9 --sysroot=/opt/l3mv-linux/2.1/sysroots/cortexa9hf-neon-poky-linux-gnueabi    -Wl,-O1 -Wl,--hash-style=gnu -Wl,--as-needed  CMakeFiles/cmTryCompileExec2629641735.dir/testCCompiler.c.o  -o cmTryCompileExec2629641735 -rdynamic 
make[1]: Leaving directory `/home/giacdinh/yocto/test/BW_apps/1_6_0/build/CMakeFiles/CMakeTmp'


Detecting C compiler ABI info compiled with the following output:
Change Dir: /home/giacdinh/yocto/test/BW_apps/1_6_0/build/CMakeFiles/CMakeTmp

Run Build Command:"/usr/bin/make" "cmTryCompileExec1894037061/fast"
/usr/bin/make -f CMakeFiles/cmTryCompileExec1894037061.dir/build.make CMakeFiles/cmTryCompileExec1894037061.dir/build
make[1]: Entering directory `/home/giacdinh/yocto/test/BW_apps/1_6_0/build/CMakeFiles/CMakeTmp'
/usr/local/bin/cmake -E cmake_progress_report /home/giacdinh/yocto/test/BW_apps/1_6_0/build/CMakeFiles/CMakeTmp/CMakeFiles 1
Building C object CMakeFiles/cmTryCompileExec1894037061.dir/CMakeCCompilerABI.c.o
/opt/l3mv-linux/2.1/sysroots/x86_64-l3sdk-linux/usr/bin/arm-poky-linux-gnueabi/arm-poky-linux-gnueabi-gcc  --sysroot=/opt/l3mv-linux/2.1/sysroots/cortexa9hf-neon-poky-linux-gnueabi  -march=armv7-a -mfloat-abi=hard -mfpu=neon -mtune=cortex-a9 --sysroot=/opt/l3mv-linux/2.1/sysroots/cortexa9hf-neon-poky-linux-gnueabi    -o CMakeFiles/cmTryCompileExec1894037061.dir/CMakeCCompilerABI.c.o   -c /usr/local/share/cmake-3.2/Modules/CMakeCCompilerABI.c
Linking C executable cmTryCompileExec1894037061
/usr/local/bin/cmake -E cmake_link_script CMakeFiles/cmTryCompileExec1894037061.dir/link.txt --verbose=1
/opt/l3mv-linux/2.1/sysroots/x86_64-l3sdk-linux/usr/bin/arm-poky-linux-gnueabi/arm-poky-linux-gnueabi-gcc  --sysroot=/opt/l3mv-linux/2.1/sysroots/cortexa9hf-neon-poky-linux-gnueabi -march=armv7-a -mfloat-abi=hard -mfpu=neon -mtune=cortex-a9 --sysroot=/opt/l3mv-linux/2.1/sysroots/cortexa9hf-neon-poky-linux-gnueabi    -Wl,-O1 -Wl,--hash-style=gnu -Wl,--as-needed -v CMakeFiles/cmTryCompileExec1894037061.dir/CMakeCCompilerABI.c.o  -o cmTryCompileExec1894037061 -rdynamic  
Using built-in specs.
COLLECT_GCC=/opt/l3mv-linux/2.1/sysroots/x86_64-l3sdk-linux/usr/bin/arm-poky-linux-gnueabi/arm-poky-linux-gnueabi-gcc
COLLECT_LTO_WRAPPER=/opt/l3mv-linux/2.1/sysroots/x86_64-l3sdk-linux/usr/libexec/arm-poky-linux-gnueabi/gcc/arm-poky-linux-gnueabi/5.3.0/lto-wrapper
Target: arm-poky-linux-gnueabi
Configured with: ../../../../../../work-shared/gcc-5.3.0-r0/gcc-5.3.0/configure --build=x86_64-linux --host=x86_64-l3sdk-linux --target=arm-poky-linux-gnueabi --prefix=/opt/l3mv-linux/2.1/sysroots/x86_64-l3sdk-linux/usr --exec_prefix=/opt/l3mv-linux/2.1/sysroots/x86_64-l3sdk-linux/usr --bindir=/opt/l3mv-linux/2.1/sysroots/x86_64-l3sdk-linux/usr/bin/arm-poky-linux-gnueabi --sbindir=/opt/l3mv-linux/2.1/sysroots/x86_64-l3sdk-linux/usr/bin/arm-poky-linux-gnueabi --libexecdir=/opt/l3mv-linux/2.1/sysroots/x86_64-l3sdk-linux/usr/libexec/arm-poky-linux-gnueabi --datadir=/opt/l3mv-linux/2.1/sysroots/x86_64-l3sdk-linux/usr/share --sysconfdir=/opt/l3mv-linux/2.1/sysroots/x86_64-l3sdk-linux/etc --sharedstatedir=/opt/l3mv-linux/2.1/sysroots/x86_64-l3sdk-linux/com --localstatedir=/opt/l3mv-linux/2.1/sysroots/x86_64-l3sdk-linux/var --libdir=/opt/l3mv-linux/2.1/sysroots/x86_64-l3sdk-linux/usr/lib/arm-poky-linux-gnueabi --includedir=/opt/l3mv-linux/2.1/sysroots/x86_64-l3sdk-linux/usr/include --oldincludedir=/opt/l3mv-linux/2.1/sysroots/x86_64-l3sdk-linux/usr/include --infodir=/opt/l3mv-linux/2.1/sysroots/x86_64-l3sdk-linux/usr/share/info --mandir=/opt/l3mv-linux/2.1/sysroots/x86_64-l3sdk-linux/usr/share/man --disable-silent-rules --disable-dependency-tracking --with-libtool-sysroot=/yocto/l3mv-2.0/build/tmp/sysroots/x86_64-nativesdk-l3sdk-linux --with-gnu-ld --enable-shared --enable-languages=c,c++ --enable-threads=posix --enable-multilib --enable-c99 --enable-long-long --enable-symvers=gnu --enable-libstdcxx-pch --program-prefix=arm-poky-linux-gnueabi- --without-local-prefix --enable-lto --enable-libssp --enable-libitm --disable-bootstrap --disable-libmudflap --with-system-zlib --with-linker-hash-style=gnu --enable-linker-build-id --with-ppl=no --with-cloog=no --enable-checking=release --enable-cheaders=c_global --without-isl --with-gxx-include-dir=/not/exist/usr/include/c++/5.3.0 --with-build-time-tools=/yocto/l3mv-2.0/build/tmp/sysroots/x86_64-linux/usr/arm-poky-linux-gnueabi/bin --with-sysroot=/not/exist --with-build-sysroot=/yocto/l3mv-2.0/build/tmp/sysroots/cyclops --enable-poison-system-directories --with-mpfr=/yocto/l3mv-2.0/build/tmp/sysroots/x86_64-nativesdk-l3sdk-linux --with-mpc=/yocto/l3mv-2.0/build/tmp/sysroots/x86_64-nativesdk-l3sdk-linux --disable-static --enable-nls --with-arch=armv7-a
Thread model: posix
gcc version 5.3.0 (GCC) 
COMPILER_PATH=/opt/l3mv-linux/2.1/sysroots/x86_64-l3sdk-linux/usr/libexec/arm-poky-linux-gnueabi/gcc/arm-poky-linux-gnueabi/5.3.0/:/opt/l3mv-linux/2.1/sysroots/x86_64-l3sdk-linux/usr/libexec/arm-poky-linux-gnueabi/gcc/arm-poky-linux-gnueabi/5.3.0/:/opt/l3mv-linux/2.1/sysroots/x86_64-l3sdk-linux/usr/libexec/arm-poky-linux-gnueabi/gcc/arm-poky-linux-gnueabi/:/opt/l3mv-linux/2.1/sysroots/x86_64-l3sdk-linux/usr/lib/arm-poky-linux-gnueabi/gcc/arm-poky-linux-gnueabi/5.3.0/:/opt/l3mv-linux/2.1/sysroots/x86_64-l3sdk-linux/usr/lib/arm-poky-linux-gnueabi/gcc/arm-poky-linux-gnueabi/
LIBRARY_PATH=/opt/l3mv-linux/2.1/sysroots/x86_64-l3sdk-linux/usr/lib/arm-poky-linux-gnueabi/gcc/arm-poky-linux-gnueabi/5.3.0/:/opt/l3mv-linux/2.1/sysroots/cortexa9hf-neon-poky-linux-gnueabi/lib/:/opt/l3mv-linux/2.1/sysroots/cortexa9hf-neon-poky-linux-gnueabi/usr/lib/arm-poky-linux-gnueabi/5.3.0/:/opt/l3mv-linux/2.1/sysroots/cortexa9hf-neon-poky-linux-gnueabi/usr/lib/
COLLECT_GCC_OPTIONS='--sysroot=/opt/l3mv-linux/2.1/sysroots/cortexa9hf-neon-poky-linux-gnueabi' '-march=armv7-a' '-mfloat-abi=hard' '-mfpu=neon' '-mtune=cortex-a9' '-v' '-o' 'cmTryCompileExec1894037061' '-rdynamic' '-mtls-dialect=gnu'
 /opt/l3mv-linux/2.1/sysroots/x86_64-l3sdk-linux/usr/libexec/arm-poky-linux-gnueabi/gcc/arm-poky-linux-gnueabi/5.3.0/collect2 -plugin /opt/l3mv-linux/2.1/sysroots/x86_64-l3sdk-linux/usr/libexec/arm-poky-linux-gnueabi/gcc/arm-poky-linux-gnueabi/5.3.0/liblto_plugin.so -plugin-opt=/opt/l3mv-linux/2.1/sysroots/x86_64-l3sdk-linux/usr/libexec/arm-poky-linux-gnueabi/gcc/arm-poky-linux-gnueabi/5.3.0/lto-wrapper -plugin-opt=-fresolution=/tmp/cckn1dlZ.res -plugin-opt=-pass-through=-lgcc -plugin-opt=-pass-through=-lgcc_s -plugin-opt=-pass-through=-lc -plugin-opt=-pass-through=-lgcc -plugin-opt=-pass-through=-lgcc_s --sysroot=/opt/l3mv-linux/2.1/sysroots/cortexa9hf-neon-poky-linux-gnueabi --build-id --eh-frame-hdr --hash-style=gnu -export-dynamic -dynamic-linker /lib/ld-linux-armhf.so.3 -X -m armelf_linux_eabi -o cmTryCompileExec1894037061 /opt/l3mv-linux/2.1/sysroots/cortexa9hf-neon-poky-linux-gnueabi/usr/lib/crt1.o /opt/l3mv-linux/2.1/sysroots/cortexa9hf-neon-poky-linux-gnueabi/usr/lib/crti.o /opt/l3mv-linux/2.1/sysroots/cortexa9hf-neon-poky-linux-gnueabi/usr/lib/arm-poky-linux-gnueabi/5.3.0/crtbegin.o -L/opt/l3mv-linux/2.1/sysroots/x86_64-l3sdk-linux/usr/lib/arm-poky-linux-gnueabi/gcc/arm-poky-linux-gnueabi/5.3.0 -L/opt/l3mv-linux/2.1/sysroots/cortexa9hf-neon-poky-linux-gnueabi/lib -L/opt/l3mv-linux/2.1/sysroots/cortexa9hf-neon-poky-linux-gnueabi/usr/lib/arm-poky-linux-gnueabi/5.3.0 -L/opt/l3mv-linux/2.1/sysroots/cortexa9hf-neon-poky-linux-gnueabi/usr/lib -O1 --hash-style=gnu --as-needed CMakeFiles/cmTryCompileExec1894037061.dir/CMakeCCompilerABI.c.o -lgcc --as-needed -lgcc_s --no-as-needed -lc -lgcc --as-needed -lgcc_s --no-as-needed /opt/l3mv-linux/2.1/sysroots/cortexa9hf-neon-poky-linux-gnueabi/usr/lib/arm-poky-linux-gnueabi/5.3.0/crtend.o /opt/l3mv-linux/2.1/sysroots/cortexa9hf-neon-poky-linux-gnueabi/usr/lib/crtn.o
make[1]: Leaving directory `/home/giacdinh/yocto/test/BW_apps/1_6_0/build/CMakeFiles/CMakeTmp'


Parsed C implicit link information from above output:
  link line regex: [^( *|.*[/\])(arm-poky-linux-gnueabi-ld|([^/\]+-)?ld|collect2)[^/\]*( |$)]
  ignore line: [Change Dir: /home/giacdinh/yocto/test/BW_apps/1_6_0/build/CMakeFiles/CMakeTmp]
  ignore line: []
  ignore line: [Run Build Command:"/usr/bin/make" "cmTryCompileExec1894037061/fast"]
  ignore line: [/usr/bin/make -f CMakeFiles/cmTryCompileExec1894037061.dir/build.make CMakeFiles/cmTryCompileExec1894037061.dir/build]
  ignore line: [make[1]: Entering directory `/home/giacdinh/yocto/test/BW_apps/1_6_0/build/CMakeFiles/CMakeTmp']
  ignore line: [/usr/local/bin/cmake -E cmake_progress_report /home/giacdinh/yocto/test/BW_apps/1_6_0/build/CMakeFiles/CMakeTmp/CMakeFiles 1]
  ignore line: [Building C object CMakeFiles/cmTryCompileExec1894037061.dir/CMakeCCompilerABI.c.o]
  ignore line: [/opt/l3mv-linux/2.1/sysroots/x86_64-l3sdk-linux/usr/bin/arm-poky-linux-gnueabi/arm-poky-linux-gnueabi-gcc  --sysroot=/opt/l3mv-linux/2.1/sysroots/cortexa9hf-neon-poky-linux-gnueabi  -march=armv7-a -mfloat-abi=hard -mfpu=neon -mtune=cortex-a9 --sysroot=/opt/l3mv-linux/2.1/sysroots/cortexa9hf-neon-poky-linux-gnueabi    -o CMakeFiles/cmTryCompileExec1894037061.dir/CMakeCCompilerABI.c.o   -c /usr/local/share/cmake-3.2/Modules/CMakeCCompilerABI.c]
  ignore line: [Linking C executable cmTryCompileExec1894037061]
  ignore line: [/usr/local/bin/cmake -E cmake_link_script CMakeFiles/cmTryCompileExec1894037061.dir/link.txt --verbose=1]
  ignore line: [/opt/l3mv-linux/2.1/sysroots/x86_64-l3sdk-linux/usr/bin/arm-poky-linux-gnueabi/arm-poky-linux-gnueabi-gcc  --sysroot=/opt/l3mv-linux/2.1/sysroots/cortexa9hf-neon-poky-linux-gnueabi -march=armv7-a -mfloat-abi=hard -mfpu=neon -mtune=cortex-a9 --sysroot=/opt/l3mv-linux/2.1/sysroots/cortexa9hf-neon-poky-linux-gnueabi    -Wl,-O1 -Wl,--hash-style=gnu -Wl,--as-needed -v CMakeFiles/cmTryCompileExec1894037061.dir/CMakeCCompilerABI.c.o  -o cmTryCompileExec1894037061 -rdynamic  ]
  ignore line: [Using built-in specs.]
  ignore line: [COLLECT_GCC=/opt/l3mv-linux/2.1/sysroots/x86_64-l3sdk-linux/usr/bin/arm-poky-linux-gnueabi/arm-poky-linux-gnueabi-gcc]
  ignore line: [COLLECT_LTO_WRAPPER=/opt/l3mv-linux/2.1/sysroots/x86_64-l3sdk-linux/usr/libexec/arm-poky-linux-gnueabi/gcc/arm-poky-linux-gnueabi/5.3.0/lto-wrapper]
  ignore line: [Target: arm-poky-linux-gnueabi]
  ignore line: [Configured with: ../../../../../../work-shared/gcc-5.3.0-r0/gcc-5.3.0/configure --build=x86_64-linux --host=x86_64-l3sdk-linux --target=arm-poky-linux-gnueabi --prefix=/opt/l3mv-linux/2.1/sysroots/x86_64-l3sdk-linux/usr --exec_prefix=/opt/l3mv-linux/2.1/sysroots/x86_64-l3sdk-linux/usr --bindir=/opt/l3mv-linux/2.1/sysroots/x86_64-l3sdk-linux/usr/bin/arm-poky-linux-gnueabi --sbindir=/opt/l3mv-linux/2.1/sysroots/x86_64-l3sdk-linux/usr/bin/arm-poky-linux-gnueabi --libexecdir=/opt/l3mv-linux/2.1/sysroots/x86_64-l3sdk-linux/usr/libexec/arm-poky-linux-gnueabi --datadir=/opt/l3mv-linux/2.1/sysroots/x86_64-l3sdk-linux/usr/share --sysconfdir=/opt/l3mv-linux/2.1/sysroots/x86_64-l3sdk-linux/etc --sharedstatedir=/opt/l3mv-linux/2.1/sysroots/x86_64-l3sdk-linux/com --localstatedir=/opt/l3mv-linux/2.1/sysroots/x86_64-l3sdk-linux/var --libdir=/opt/l3mv-linux/2.1/sysroots/x86_64-l3sdk-linux/usr/lib/arm-poky-linux-gnueabi --includedir=/opt/l3mv-linux/2.1/sysroots/x86_64-l3sdk-linux/usr/include --oldincludedir=/opt/l3mv-linux/2.1/sysroots/x86_64-l3sdk-linux/usr/include --infodir=/opt/l3mv-linux/2.1/sysroots/x86_64-l3sdk-linux/usr/share/info --mandir=/opt/l3mv-linux/2.1/sysroots/x86_64-l3sdk-linux/usr/share/man --disable-silent-rules --disable-dependency-tracking --with-libtool-sysroot=/yocto/l3mv-2.0/build/tmp/sysroots/x86_64-nativesdk-l3sdk-linux --with-gnu-ld --enable-shared --enable-languages=c,c++ --enable-threads=posix --enable-multilib --enable-c99 --enable-long-long --enable-symvers=gnu --enable-libstdcxx-pch --program-prefix=arm-poky-linux-gnueabi- --without-local-prefix --enable-lto --enable-libssp --enable-libitm --disable-bootstrap --disable-libmudflap --with-system-zlib --with-linker-hash-style=gnu --enable-linker-build-id --with-ppl=no --with-cloog=no --enable-checking=release --enable-cheaders=c_global --without-isl --with-gxx-include-dir=/not/exist/usr/include/c++/5.3.0 --with-build-time-tools=/yocto/l3mv-2.0/build/tmp/sysroots/x86_64-linux/usr/arm-poky-linux-gnueabi/bin --with-sysroot=/not/exist --with-build-sysroot=/yocto/l3mv-2.0/build/tmp/sysroots/cyclops --enable-poison-system-directories --with-mpfr=/yocto/l3mv-2.0/build/tmp/sysroots/x86_64-nativesdk-l3sdk-linux --with-mpc=/yocto/l3mv-2.0/build/tmp/sysroots/x86_64-nativesdk-l3sdk-linux --disable-static --enable-nls --with-arch=armv7-a]
  ignore line: [Thread model: posix]
  ignore line: [gcc version 5.3.0 (GCC) ]
  ignore line: [COMPILER_PATH=/opt/l3mv-linux/2.1/sysroots/x86_64-l3sdk-linux/usr/libexec/arm-poky-linux-gnueabi/gcc/arm-poky-linux-gnueabi/5.3.0/:/opt/l3mv-linux/2.1/sysroots/x86_64-l3sdk-linux/usr/libexec/arm-poky-linux-gnueabi/gcc/arm-poky-linux-gnueabi/5.3.0/:/opt/l3mv-linux/2.1/sysroots/x86_64-l3sdk-linux/usr/libexec/arm-poky-linux-gnueabi/gcc/arm-poky-linux-gnueabi/:/opt/l3mv-linux/2.1/sysroots/x86_64-l3sdk-linux/usr/lib/arm-poky-linux-gnueabi/gcc/arm-poky-linux-gnueabi/5.3.0/:/opt/l3mv-linux/2.1/sysroots/x86_64-l3sdk-linux/usr/lib/arm-poky-linux-gnueabi/gcc/arm-poky-linux-gnueabi/]
  ignore line: [LIBRARY_PATH=/opt/l3mv-linux/2.1/sysroots/x86_64-l3sdk-linux/usr/lib/arm-poky-linux-gnueabi/gcc/arm-poky-linux-gnueabi/5.3.0/:/opt/l3mv-linux/2.1/sysroots/cortexa9hf-neon-poky-linux-gnueabi/lib/:/opt/l3mv-linux/2.1/sysroots/cortexa9hf-neon-poky-linux-gnueabi/usr/lib/arm-poky-linux-gnueabi/5.3.0/:/opt/l3mv-linux/2.1/sysroots/cortexa9hf-neon-poky-linux-gnueabi/usr/lib/]
  ignore line: [COLLECT_GCC_OPTIONS='--sysroot=/opt/l3mv-linux/2.1/sysroots/cortexa9hf-neon-poky-linux-gnueabi' '-march=armv7-a' '-mfloat-abi=hard' '-mfpu=neon' '-mtune=cortex-a9' '-v' '-o' 'cmTryCompileExec1894037061' '-rdynamic' '-mtls-dialect=gnu']
  link line: [ /opt/l3mv-linux/2.1/sysroots/x86_64-l3sdk-linux/usr/libexec/arm-poky-linux-gnueabi/gcc/arm-poky-linux-gnueabi/5.3.0/collect2 -plugin /opt/l3mv-linux/2.1/sysroots/x86_64-l3sdk-linux/usr/libexec/arm-poky-linux-gnueabi/gcc/arm-poky-linux-gnueabi/5.3.0/liblto_plugin.so -plugin-opt=/opt/l3mv-linux/2.1/sysroots/x86_64-l3sdk-linux/usr/libexec/arm-poky-linux-gnueabi/gcc/arm-poky-linux-gnueabi/5.3.0/lto-wrapper -plugin-opt=-fresolution=/tmp/cckn1dlZ.res -plugin-opt=-pass-through=-lgcc -plugin-opt=-pass-through=-lgcc_s -plugin-opt=-pass-through=-lc -plugin-opt=-pass-through=-lgcc -plugin-opt=-pass-through=-lgcc_s --sysroot=/opt/l3mv-linux/2.1/sysroots/cortexa9hf-neon-poky-linux-gnueabi --build-id --eh-frame-hdr --hash-style=gnu -export-dynamic -dynamic-linker /lib/ld-linux-armhf.so.3 -X -m armelf_linux_eabi -o cmTryCompileExec1894037061 /opt/l3mv-linux/2.1/sysroots/cortexa9hf-neon-poky-linux-gnueabi/usr/lib/crt1.o /opt/l3mv-linux/2.1/sysroots/cortexa9hf-neon-poky-linux-gnueabi/usr/lib/crti.o /opt/l3mv-linux/2.1/sysroots/cortexa9hf-neon-poky-linux-gnueabi/usr/lib/arm-poky-linux-gnueabi/5.3.0/crtbegin.o -L/opt/l3mv-linux/2.1/sysroots/x86_64-l3sdk-linux/usr/lib/arm-poky-linux-gnueabi/gcc/arm-poky-linux-gnueabi/5.3.0 -L/opt/l3mv-linux/2.1/sysroots/cortexa9hf-neon-poky-linux-gnueabi/lib -L/opt/l3mv-linux/2.1/sysroots/cortexa9hf-neon-poky-linux-gnueabi/usr/lib/arm-poky-linux-gnueabi/5.3.0 -L/opt/l3mv-linux/2.1/sysroots/cortexa9hf-neon-poky-linux-gnueabi/usr/lib -O1 --hash-style=gnu --as-needed CMakeFiles/cmTryCompileExec1894037061.dir/CMakeCCompilerABI.c.o -lgcc --as-needed -lgcc_s --no-as-needed -lc -lgcc --as-needed -lgcc_s --no-as-needed /opt/l3mv-linux/2.1/sysroots/cortexa9hf-neon-poky-linux-gnueabi/usr/lib/arm-poky-linux-gnueabi/5.3.0/crtend.o /opt/l3mv-linux/2.1/sysroots/cortexa9hf-neon-poky-linux-gnueabi/usr/lib/crtn.o]
    arg [/opt/l3mv-linux/2.1/sysroots/x86_64-l3sdk-linux/usr/libexec/arm-poky-linux-gnueabi/gcc/arm-poky-linux-gnueabi/5.3.0/collect2] ==> ignore
    arg [-plugin] ==> ignore
    arg [/opt/l3mv-linux/2.1/sysroots/x86_64-l3sdk-linux/usr/libexec/arm-poky-linux-gnueabi/gcc/arm-poky-linux-gnueabi/5.3.0/liblto_plugin.so] ==> ignore
    arg [-plugin-opt=/opt/l3mv-linux/2.1/sysroots/x86_64-l3sdk-linux/usr/libexec/arm-poky-linux-gnueabi/gcc/arm-poky-linux-gnueabi/5.3.0/lto-wrapper] ==> ignore
    arg [-plugin-opt=-fresolution=/tmp/cckn1dlZ.res] ==> ignore
    arg [-plugin-opt=-pass-through=-lgcc] ==> ignore
    arg [-plugin-opt=-pass-through=-lgcc_s] ==> ignore
    arg [-plugin-opt=-pass-through=-lc] ==> ignore
    arg [-plugin-opt=-pass-through=-lgcc] ==> ignore
    arg [-plugin-opt=-pass-through=-lgcc_s] ==> ignore
    arg [--sysroot=/opt/l3mv-linux/2.1/sysroots/cortexa9hf-neon-poky-linux-gnueabi] ==> ignore
    arg [--build-id] ==> ignore
    arg [--eh-frame-hdr] ==> ignore
    arg [--hash-style=gnu] ==> ignore
    arg [-export-dynamic] ==> ignore
    arg [-dynamic-linker] ==> ignore
    arg [/lib/ld-linux-armhf.so.3] ==> ignore
    arg [-X] ==> ignore
    arg [-m] ==> ignore
    arg [armelf_linux_eabi] ==> ignore
    arg [-o] ==> ignore
    arg [cmTryCompileExec1894037061] ==> ignore
    arg [/opt/l3mv-linux/2.1/sysroots/cortexa9hf-neon-poky-linux-gnueabi/usr/lib/crt1.o] ==> ignore
    arg [/opt/l3mv-linux/2.1/sysroots/cortexa9hf-neon-poky-linux-gnueabi/usr/lib/crti.o] ==> ignore
    arg [/opt/l3mv-linux/2.1/sysroots/cortexa9hf-neon-poky-linux-gnueabi/usr/lib/arm-poky-linux-gnueabi/5.3.0/crtbegin.o] ==> ignore
    arg [-L/opt/l3mv-linux/2.1/sysroots/x86_64-l3sdk-linux/usr/lib/arm-poky-linux-gnueabi/gcc/arm-poky-linux-gnueabi/5.3.0] ==> dir [/opt/l3mv-linux/2.1/sysroots/x86_64-l3sdk-linux/usr/lib/arm-poky-linux-gnueabi/gcc/arm-poky-linux-gnueabi/5.3.0]
    arg [-L/opt/l3mv-linux/2.1/sysroots/cortexa9hf-neon-poky-linux-gnueabi/lib] ==> dir [/opt/l3mv-linux/2.1/sysroots/cortexa9hf-neon-poky-linux-gnueabi/lib]
    arg [-L/opt/l3mv-linux/2.1/sysroots/cortexa9hf-neon-poky-linux-gnueabi/usr/lib/arm-poky-linux-gnueabi/5.3.0] ==> dir [/opt/l3mv-linux/2.1/sysroots/cortexa9hf-neon-poky-linux-gnueabi/usr/lib/arm-poky-linux-gnueabi/5.3.0]
    arg [-L/opt/l3mv-linux/2.1/sysroots/cortexa9hf-neon-poky-linux-gnueabi/usr/lib] ==> dir [/opt/l3mv-linux/2.1/sysroots/cortexa9hf-neon-poky-linux-gnueabi/usr/lib]
    arg [-O1] ==> ignore
    arg [--hash-style=gnu] ==> ignore
    arg [--as-needed] ==> ignore
    arg [CMakeFiles/cmTryCompileExec1894037061.dir/CMakeCCompilerABI.c.o] ==> ignore
    arg [-lgcc] ==> lib [gcc]
    arg [--as-needed] ==> ignore
    arg [-lgcc_s] ==> lib [gcc_s]
    arg [--no-as-needed] ==> ignore
    arg [-lc] ==> lib [c]
    arg [-lgcc] ==> lib [gcc]
    arg [--as-needed] ==> ignore
    arg [-lgcc_s] ==> lib [gcc_s]
    arg [--no-as-needed] ==> ignore
    arg [/opt/l3mv-linux/2.1/sysroots/cortexa9hf-neon-poky-linux-gnueabi/usr/lib/arm-poky-linux-gnueabi/5.3.0/crtend.o] ==> ignore
    arg [/opt/l3mv-linux/2.1/sysroots/cortexa9hf-neon-poky-linux-gnueabi/usr/lib/crtn.o] ==> ignore
  remove lib [gcc]
  remove lib [gcc_s]
  remove lib [gcc]
  remove lib [gcc_s]
  collapse library dir [/opt/l3mv-linux/2.1/sysroots/x86_64-l3sdk-linux/usr/lib/arm-poky-linux-gnueabi/gcc/arm-poky-linux-gnueabi/5.3.0] ==> [/opt/l3mv-linux/2.1/sysroots/x86_64-l3sdk-linux/usr/lib/arm-poky-linux-gnueabi/gcc/arm-poky-linux-gnueabi/5.3.0]
  collapse library dir [/opt/l3mv-linux/2.1/sysroots/cortexa9hf-neon-poky-linux-gnueabi/lib] ==> [/opt/l3mv-linux/2.1/sysroots/cortexa9hf-neon-poky-linux-gnueabi/lib]
  collapse library dir [/opt/l3mv-linux/2.1/sysroots/cortexa9hf-neon-poky-linux-gnueabi/usr/lib/arm-poky-linux-gnueabi/5.3.0] ==> [/opt/l3mv-linux/2.1/sysroots/cortexa9hf-neon-poky-linux-gnueabi/usr/lib/arm-poky-linux-gnueabi/5.3.0]
  collapse library dir [/opt/l3mv-linux/2.1/sysroots/cortexa9hf-neon-poky-linux-gnueabi/usr/lib] ==> [/opt/l3mv-linux/2.1/sysroots/cortexa9hf-neon-poky-linux-gnueabi/usr/lib]
  implicit libs: [c]
  implicit dirs: [/opt/l3mv-linux/2.1/sysroots/x86_64-l3sdk-linux/usr/lib/arm-poky-linux-gnueabi/gcc/arm-poky-linux-gnueabi/5.3.0;/opt/l3mv-linux/2.1/sysroots/cortexa9hf-neon-poky-linux-gnueabi/lib;/opt/l3mv-linux/2.1/sysroots/cortexa9hf-neon-poky-linux-gnueabi/usr/lib/arm-poky-linux-gnueabi/5.3.0;/opt/l3mv-linux/2.1/sysroots/cortexa9hf-neon-poky-linux-gnueabi/usr/lib]
  implicit fwks: []




Detecting C [-std=c11] compiler features compiled with the following output:
Change Dir: /home/giacdinh/yocto/test/BW_apps/1_6_0/build/CMakeFiles/CMakeTmp

Run Build Command:"/usr/bin/make" "cmTryCompileExec2977430406/fast"
/usr/bin/make -f CMakeFiles/cmTryCompileExec2977430406.dir/build.make CMakeFiles/cmTryCompileExec2977430406.dir/build
make[1]: Entering directory `/home/giacdinh/yocto/test/BW_apps/1_6_0/build/CMakeFiles/CMakeTmp'
/usr/local/bin/cmake -E cmake_progress_report /home/giacdinh/yocto/test/BW_apps/1_6_0/build/CMakeFiles/CMakeTmp/CMakeFiles 1
Building C object CMakeFiles/cmTryCompileExec2977430406.dir/feature_tests.c.o
/opt/l3mv-linux/2.1/sysroots/x86_64-l3sdk-linux/usr/bin/arm-poky-linux-gnueabi/arm-poky-linux-gnueabi-gcc  --sysroot=/opt/l3mv-linux/2.1/sysroots/cortexa9hf-neon-poky-linux-gnueabi  -march=armv7-a -mfloat-abi=hard -mfpu=neon -mtune=cortex-a9 --sysroot=/opt/l3mv-linux/2.1/sysroots/cortexa9hf-neon-poky-linux-gnueabi    -std=c11 -o CMakeFiles/cmTryCompileExec2977430406.dir/feature_tests.c.o   -c /home/giacdinh/yocto/test/BW_apps/1_6_0/build/CMakeFiles/feature_tests.c
Linking C executable cmTryCompileExec2977430406
/usr/local/bin/cmake -E cmake_link_script CMakeFiles/cmTryCompileExec2977430406.dir/link.txt --verbose=1
/opt/l3mv-linux/2.1/sysroots/x86_64-l3sdk-linux/usr/bin/arm-poky-linux-gnueabi/arm-poky-linux-gnueabi-gcc  --sysroot=/opt/l3mv-linux/2.1/sysroots/cortexa9hf-neon-poky-linux-gnueabi -march=armv7-a -mfloat-abi=hard -mfpu=neon -mtune=cortex-a9 --sysroot=/opt/l3mv-linux/2.1/sysroots/cortexa9hf-neon-poky-linux-gnueabi    -Wl,-O1 -Wl,--hash-style=gnu -Wl,--as-needed  CMakeFiles/cmTryCompileExec2977430406.dir/feature_tests.c.o  -o cmTryCompileExec2977430406 -rdynamic 
make[1]: Leaving directory `/home/giacdinh/yocto/test/BW_apps/1_6_0/build/CMakeFiles/CMakeTmp'


    Feature record: C_FEATURE:1c_function_prototypes
    Feature record: C_FEATURE:1c_restrict
    Feature record: C_FEATURE:1c_static_assert
    Feature record: C_FEATURE:1c_variadic_macros


Detecting C [-std=c99] compiler features compiled with the following output:
Change Dir: /home/giacdinh/yocto/test/BW_apps/1_6_0/build/CMakeFiles/CMakeTmp

Run Build Command:"/usr/bin/make" "cmTryCompileExec4213279744/fast"
/usr/bin/make -f CMakeFiles/cmTryCompileExec4213279744.dir/build.make CMakeFiles/cmTryCompileExec4213279744.dir/build
make[1]: Entering directory `/home/giacdinh/yocto/test/BW_apps/1_6_0/build/CMakeFiles/CMakeTmp'
/usr/local/bin/cmake -E cmake_progress_report /home/giacdinh/yocto/test/BW_apps/1_6_0/build/CMakeFiles/CMakeTmp/CMakeFiles 1
Building C object CMakeFiles/cmTryCompileExec4213279744.dir/feature_tests.c.o
/opt/l3mv-linux/2.1/sysroots/x86_64-l3sdk-linux/usr/bin/arm-poky-linux-gnueabi/arm-poky-linux-gnueabi-gcc  --sysroot=/opt/l3mv-linux/2.1/sysroots/cortexa9hf-neon-poky-linux-gnueabi  -march=armv7-a -mfloat-abi=hard -mfpu=neon -mtune=cortex-a9 --sysroot=/opt/l3mv-linux/2.1/sysroots/cortexa9hf-neon-poky-linux-gnueabi    -std=c99 -o CMakeFiles/cmTryCompileExec4213279744.dir/feature_tests.c.o   -c /home/giacdinh/yocto/test/BW_apps/1_6_0/build/CMakeFiles/feature_tests.c
Linking C executable cmTryCompileExec4213279744
/usr/local/bin/cmake -E cmake_link_script CMakeFiles/cmTryCompileExec4213279744.dir/link.txt --verbose=1
/opt/l3mv-linux/2.1/sysroots/x86_64-l3sdk-linux/usr/bin/arm-poky-linux-gnueabi/arm-poky-linux-gnueabi-gcc  --sysroot=/opt/l3mv-linux/2.1/sysroots/cortexa9hf-neon-poky-linux-gnueabi -march=armv7-a -mfloat-abi=hard -mfpu=neon -mtune=cortex-a9 --sysroot=/opt/l3mv-linux/2.1/sysroots/cortexa9hf-neon-poky-linux-gnueabi    -Wl,-O1 -Wl,--hash-style=gnu -Wl,--as-needed  CMakeFiles/cmTryCompileExec4213279744.dir/feature_tests.c.o  -o cmTryCompileExec4213279744 -rdynamic 
make[1]: Leaving directory `/home/giacdinh/yocto/test/BW_apps/1_6_0/build/CMakeFiles/CMakeTmp'


    Feature record: C_FEATURE:1c_function_prototypes
    Feature record: C_FEATURE:1c_restrict
    Feature record: C_FEATURE:0c_static_assert
    Feature record: C_FEATURE:1c_variadic_macros


Detecting C [-std=c90] compiler features compiled with the following output:
Change Dir: /home/giacdinh/yocto/test/BW_apps/1_6_0/build/CMakeFiles/CMakeTmp

Run Build Command:"/usr/bin/make" "cmTryCompileExec4084954382/fast"
/usr/bin/make -f CMakeFiles/cmTryCompileExec4084954382.dir/build.make CMakeFiles/cmTryCompileExec4084954382.dir/build
make[1]: Entering directory `/home/giacdinh/yocto/test/BW_apps/1_6_0/build/CMakeFiles/CMakeTmp'
/usr/local/bin/cmake -E cmake_progress_report /home/giacdinh/yocto/test/BW_apps/1_6_0/build/CMakeFiles/CMakeTmp/CMakeFiles 1
Building C object CMakeFiles/cmTryCompileExec4084954382.dir/feature_tests.c.o
/opt/l3mv-linux/2.1/sysroots/x86_64-l3sdk-linux/usr/bin/arm-poky-linux-gnueabi/arm-poky-linux-gnueabi-gcc  --sysroot=/opt/l3mv-linux/2.1/sysroots/cortexa9hf-neon-poky-linux-gnueabi  -march=armv7-a -mfloat-abi=hard -mfpu=neon -mtune=cortex-a9 --sysroot=/opt/l3mv-linux/2.1/sysroots/cortexa9hf-neon-poky-linux-gnueabi    -std=c90 -o CMakeFiles/cmTryCompileExec4084954382.dir/feature_tests.c.o   -c /home/giacdinh/yocto/test/BW_apps/1_6_0/build/CMakeFiles/feature_tests.c
Linking C executable cmTryCompileExec4084954382
/usr/local/bin/cmake -E cmake_link_script CMakeFiles/cmTryCompileExec4084954382.dir/link.txt --verbose=1
/opt/l3mv-linux/2.1/sysroots/x86_64-l3sdk-linux/usr/bin/arm-poky-linux-gnueabi/arm-poky-linux-gnueabi-gcc  --sysroot=/opt/l3mv-linux/2.1/sysroots/cortexa9hf-neon-poky-linux-gnueabi -march=armv7-a -mfloat-abi=hard -mfpu=neon -mtune=cortex-a9 --sysroot=/opt/l3mv-linux/2.1/sysroots/cortexa9hf-neon-poky-linux-gnueabi    -Wl,-O1 -Wl,--hash-style=gnu -Wl,--as-needed  CMakeFiles/cmTryCompileExec4084954382.dir/feature_tests.c.o  -o cmTryCompileExec4084954382 -rdynamic 
make[1]: Leaving directory `/home/giacdinh/yocto/test/BW_apps/1_6_0/build/CMakeFiles/CMakeTmp'


    Feature record: C_FEATURE:1c_function_prototypes
    Feature record: C_FEATURE:0c_restrict
    Feature record: C_FEATURE:0c_static_assert
    Feature record: C_FEATURE:0c_variadic_macros
Determining if files pthread.h exist passed with the following output:
Change Dir: /home/giacdinh/yocto/test/BW_apps/1_6_0/build/CMakeFiles/CMakeTmp

Run Build Command:"/usr/bin/make" "cmTryCompileExec1385017914/fast"
/usr/bin/make -f CMakeFiles/cmTryCompileExec1385017914.dir/build.make CMakeFiles/cmTryCompileExec1385017914.dir/build
make[1]: Entering directory `/home/giacdinh/yocto/test/BW_apps/1_6_0/build/CMakeFiles/CMakeTmp'
/usr/local/bin/cmake -E cmake_progress_report /home/giacdinh/yocto/test/BW_apps/1_6_0/build/CMakeFiles/CMakeTmp/CMakeFiles 1
Building C object CMakeFiles/cmTryCompileExec1385017914.dir/CheckIncludeFiles.c.o
/opt/l3mv-linux/2.1/sysroots/x86_64-l3sdk-linux/usr/bin/arm-poky-linux-gnueabi/arm-poky-linux-gnueabi-gcc  --sysroot=/opt/l3mv-linux/2.1/sysroots/cortexa9hf-neon-poky-linux-gnueabi  -march=armv7-a -mfloat-abi=hard -mfpu=neon -mtune=cortex-a9 --sysroot=/opt/l3mv-linux/2.1/sysroots/cortexa9hf-neon-poky-linux-gnueabi    -o CMakeFiles/cmTryCompileExec1385017914.dir/CheckIncludeFiles.c.o   -c /home/giacdinh/yocto/test/BW_apps/1_6_0/build/CMakeFiles/CMakeTmp/CheckIncludeFiles.c
Linking C executable cmTryCompileExec1385017914
/usr/local/bin/cmake -E cmake_link_script CMakeFiles/cmTryCompileExec1385017914.dir/link.txt --verbose=1
/opt/l3mv-linux/2.1/sysroots/x86_64-l3sdk-linux/usr/bin/arm-poky-linux-gnueabi/arm-poky-linux-gnueabi-gcc  --sysroot=/opt/l3mv-linux/2.1/sysroots/cortexa9hf-neon-poky-linux-gnueabi -march=armv7-a -mfloat-abi=hard -mfpu=neon -mtune=cortex-a9 --sysroot=/opt/l3mv-linux/2.1/sysroots/cortexa9hf-neon-poky-linux-gnueabi    -Wl,-O1 -Wl,--hash-style=gnu -Wl,--as-needed  CMakeFiles/cmTryCompileExec1385017914.dir/CheckIncludeFiles.c.o  -o cmTryCompileExec1385017914 -rdynamic 
make[1]: Leaving directory `/home/giacdinh/yocto/test/BW_apps/1_6_0/build/CMakeFiles/CMakeTmp'


Determining if the function pthread_create exists in the pthread passed with the following output:
Change Dir: /home/giacdinh/yocto/test/BW_apps/1_6_0/build/CMakeFiles/CMakeTmp

Run Build Command:"/usr/bin/make" "cmTryCompileExec2596728100/fast"
/usr/bin/make -f CMakeFiles/cmTryCompileExec2596728100.dir/build.make CMakeFiles/cmTryCompileExec2596728100.dir/build
make[1]: Entering directory `/home/giacdinh/yocto/test/BW_apps/1_6_0/build/CMakeFiles/CMakeTmp'
/usr/local/bin/cmake -E cmake_progress_report /home/giacdinh/yocto/test/BW_apps/1_6_0/build/CMakeFiles/CMakeTmp/CMakeFiles 1
Building C object CMakeFiles/cmTryCompileExec2596728100.dir/CheckFunctionExists.c.o
/opt/l3mv-linux/2.1/sysroots/x86_64-l3sdk-linux/usr/bin/arm-poky-linux-gnueabi/arm-poky-linux-gnueabi-gcc  --sysroot=/opt/l3mv-linux/2.1/sysroots/cortexa9hf-neon-poky-linux-gnueabi  -march=armv7-a -mfloat-abi=hard -mfpu=neon -mtune=cortex-a9 --sysroot=/opt/l3mv-linux/2.1/sysroots/cortexa9hf-neon-poky-linux-gnueabi -DCHECK_FUNCTION_EXISTS=pthread_create   -o CMakeFiles/cmTryCompileExec2596728100.dir/CheckFunctionExists.c.o   -c /usr/local/share/cmake-3.2/Modules/CheckFunctionExists.c
Linking C executable cmTryCompileExec2596728100
/usr/local/bin/cmake -E cmake_link_script CMakeFiles/cmTryCompileExec2596728100.dir/link.txt --verbose=1
/opt/l3mv-linux/2.1/sysroots/x86_64-l3sdk-linux/usr/bin/arm-poky-linux-gnueabi/arm-poky-linux-gnueabi-gcc  --sysroot=/opt/l3mv-linux/2.1/sysroots/cortexa9hf-neon-poky-linux-gnueabi -march=armv7-a -mfloat-abi=hard -mfpu=neon -mtune=cortex-a9 --sysroot=/opt/l3mv-linux/2.1/sysroots/cortexa9hf-neon-poky-linux-gnueabi -DCHECK_FUNCTION_EXISTS=pthread_create   -Wl,-O1 -Wl,--hash-style=gnu -Wl,--as-needed  CMakeFiles/cmTryCompileExec2596728100.dir/CheckFunctionExists.c.o  -o cmTryCompileExec2596728100 -rdynamic -lpthread 
make[1]: Leaving directory `/home/giacdinh/yocto/test/BW_apps/1_6_0/build/CMakeFiles/CMakeTmp'


