Determining if the pthread_create exist failed with the following output:
Change Dir: /home/giacdinh/yocto/test/BW_apps/1_6_0/build/CMakeFiles/CMakeTmp

Run Build Command:"/usr/bin/make" "cmTryCompileExec3403381345/fast"
/usr/bin/make -f CMakeFiles/cmTryCompileExec3403381345.dir/build.make CMakeFiles/cmTryCompileExec3403381345.dir/build
make[1]: Entering directory `/home/giacdinh/yocto/test/BW_apps/1_6_0/build/CMakeFiles/CMakeTmp'
/usr/local/bin/cmake -E cmake_progress_report /home/giacdinh/yocto/test/BW_apps/1_6_0/build/CMakeFiles/CMakeTmp/CMakeFiles 1
Building C object CMakeFiles/cmTryCompileExec3403381345.dir/CheckSymbolExists.c.o
/opt/l3mv-linux/2.1/sysroots/x86_64-l3sdk-linux/usr/bin/arm-poky-linux-gnueabi/arm-poky-linux-gnueabi-gcc  --sysroot=/opt/l3mv-linux/2.1/sysroots/cortexa9hf-neon-poky-linux-gnueabi  -march=armv7-a -mfloat-abi=hard -mfpu=neon -mtune=cortex-a9 --sysroot=/opt/l3mv-linux/2.1/sysroots/cortexa9hf-neon-poky-linux-gnueabi    -o CMakeFiles/cmTryCompileExec3403381345.dir/CheckSymbolExists.c.o   -c /home/giacdinh/yocto/test/BW_apps/1_6_0/build/CMakeFiles/CMakeTmp/CheckSymbolExists.c
Linking C executable cmTryCompileExec3403381345
/usr/local/bin/cmake -E cmake_link_script CMakeFiles/cmTryCompileExec3403381345.dir/link.txt --verbose=1
/opt/l3mv-linux/2.1/sysroots/x86_64-l3sdk-linux/usr/bin/arm-poky-linux-gnueabi/arm-poky-linux-gnueabi-gcc  --sysroot=/opt/l3mv-linux/2.1/sysroots/cortexa9hf-neon-poky-linux-gnueabi -march=armv7-a -mfloat-abi=hard -mfpu=neon -mtune=cortex-a9 --sysroot=/opt/l3mv-linux/2.1/sysroots/cortexa9hf-neon-poky-linux-gnueabi    -Wl,-O1 -Wl,--hash-style=gnu -Wl,--as-needed  CMakeFiles/cmTryCompileExec3403381345.dir/CheckSymbolExists.c.o  -o cmTryCompileExec3403381345 -rdynamic 
CMakeFiles/cmTryCompileExec3403381345.dir/CheckSymbolExists.c.o: In function `main':
CheckSymbolExists.c:(.text+0x1c): undefined reference to `pthread_create'
CheckSymbolExists.c:(.text+0x20): undefined reference to `pthread_create'
collect2: error: ld returned 1 exit status
make[1]: *** [cmTryCompileExec3403381345] Error 1
make[1]: Leaving directory `/home/giacdinh/yocto/test/BW_apps/1_6_0/build/CMakeFiles/CMakeTmp'
make: *** [cmTryCompileExec3403381345/fast] Error 2

File /home/giacdinh/yocto/test/BW_apps/1_6_0/build/CMakeFiles/CMakeTmp/CheckSymbolExists.c:
/* */
#include <pthread.h>

int main(int argc, char** argv)
{
  (void)argv;
#ifndef pthread_create
  return ((int*)(&pthread_create))[argc];
#else
  (void)argc;
  return 0;
#endif
}

Determining if the function pthread_create exists in the pthreads failed with the following output:
Change Dir: /home/giacdinh/yocto/test/BW_apps/1_6_0/build/CMakeFiles/CMakeTmp

Run Build Command:"/usr/bin/make" "cmTryCompileExec935956123/fast"
/usr/bin/make -f CMakeFiles/cmTryCompileExec935956123.dir/build.make CMakeFiles/cmTryCompileExec935956123.dir/build
make[1]: Entering directory `/home/giacdinh/yocto/test/BW_apps/1_6_0/build/CMakeFiles/CMakeTmp'
/usr/local/bin/cmake -E cmake_progress_report /home/giacdinh/yocto/test/BW_apps/1_6_0/build/CMakeFiles/CMakeTmp/CMakeFiles 1
Building C object CMakeFiles/cmTryCompileExec935956123.dir/CheckFunctionExists.c.o
/opt/l3mv-linux/2.1/sysroots/x86_64-l3sdk-linux/usr/bin/arm-poky-linux-gnueabi/arm-poky-linux-gnueabi-gcc  --sysroot=/opt/l3mv-linux/2.1/sysroots/cortexa9hf-neon-poky-linux-gnueabi  -march=armv7-a -mfloat-abi=hard -mfpu=neon -mtune=cortex-a9 --sysroot=/opt/l3mv-linux/2.1/sysroots/cortexa9hf-neon-poky-linux-gnueabi -DCHECK_FUNCTION_EXISTS=pthread_create   -o CMakeFiles/cmTryCompileExec935956123.dir/CheckFunctionExists.c.o   -c /usr/local/share/cmake-3.2/Modules/CheckFunctionExists.c
Linking C executable cmTryCompileExec935956123
/usr/local/bin/cmake -E cmake_link_script CMakeFiles/cmTryCompileExec935956123.dir/link.txt --verbose=1
/opt/l3mv-linux/2.1/sysroots/x86_64-l3sdk-linux/usr/bin/arm-poky-linux-gnueabi/arm-poky-linux-gnueabi-gcc  --sysroot=/opt/l3mv-linux/2.1/sysroots/cortexa9hf-neon-poky-linux-gnueabi -march=armv7-a -mfloat-abi=hard -mfpu=neon -mtune=cortex-a9 --sysroot=/opt/l3mv-linux/2.1/sysroots/cortexa9hf-neon-poky-linux-gnueabi -DCHECK_FUNCTION_EXISTS=pthread_create   -Wl,-O1 -Wl,--hash-style=gnu -Wl,--as-needed  CMakeFiles/cmTryCompileExec935956123.dir/CheckFunctionExists.c.o  -o cmTryCompileExec935956123 -rdynamic -lpthreads 
/opt/l3mv-linux/2.1/sysroots/x86_64-l3sdk-linux/usr/libexec/arm-poky-linux-gnueabi/gcc/arm-poky-linux-gnueabi/5.3.0/real-ld: cannot find -lpthreads
collect2: error: ld returned 1 exit status
make[1]: *** [cmTryCompileExec935956123] Error 1
make[1]: Leaving directory `/home/giacdinh/yocto/test/BW_apps/1_6_0/build/CMakeFiles/CMakeTmp'
make: *** [cmTryCompileExec935956123/fast] Error 2


